{"/Users/Isabel/projects/diCapriFacts/config.js": {"path":"/Users/Isabel/projects/diCapriFacts/config.js","statementMap":{"0":{"start":{"line":1,"column":15},"end":{"line":1,"column":32}},"1":{"start":{"line":2,"column":0},"end":{"line":2,"column":16}},"2":{"start":{"line":3,"column":0},"end":{"line":8,"column":2}}},"fnMap":{},"branchMap":{},"s":{"0":1,"1":1,"2":1},"f":{},"b":{},"_coverageSchema":"43e27e138ebf9cfc5966b082cf9a028302ed4184","hash":"694bf730750a9526237f0172bd3da553b47e27de"}
,"/Users/Isabel/projects/diCapriFacts/model/src/factPicker.js": {"path":"/Users/Isabel/projects/diCapriFacts/model/src/factPicker.js","statementMap":{"0":{"start":{"line":1,"column":14},"end":{"line":5,"column":1}},"1":{"start":{"line":9,"column":8},"end":{"line":9,"column":32}},"2":{"start":{"line":10,"column":8},"end":{"line":10,"column":38}},"3":{"start":{"line":14,"column":0},"end":{"line":17,"column":1}},"4":{"start":{"line":15,"column":4},"end":{"line":15,"column":36}},"5":{"start":{"line":16,"column":4},"end":{"line":16,"column":42}},"6":{"start":{"line":19,"column":0},"end":{"line":21,"column":1}},"7":{"start":{"line":20,"column":4},"end":{"line":20,"column":64}},"8":{"start":{"line":23,"column":0},"end":{"line":25,"column":1}},"9":{"start":{"line":24,"column":4},"end":{"line":24,"column":59}},"10":{"start":{"line":28,"column":0},"end":{"line":28,"column":28}}},"fnMap":{"0":{"name":"(anonymous_0)","decl":{"start":{"line":8,"column":4},"end":{"line":8,"column":5}},"loc":{"start":{"line":8,"column":26},"end":{"line":11,"column":5}},"line":8},"1":{"name":"(anonymous_1)","decl":{"start":{"line":14,"column":34},"end":{"line":14,"column":35}},"loc":{"start":{"line":14,"column":45},"end":{"line":17,"column":1}},"line":14},"2":{"name":"(anonymous_2)","decl":{"start":{"line":19,"column":33},"end":{"line":19,"column":34}},"loc":{"start":{"line":19,"column":44},"end":{"line":21,"column":1}},"line":19},"3":{"name":"(anonymous_3)","decl":{"start":{"line":23,"column":37},"end":{"line":23,"column":38}},"loc":{"start":{"line":23,"column":48},"end":{"line":25,"column":1}},"line":23}},"branchMap":{},"s":{"0":1,"1":6,"2":6,"3":1,"4":2,"5":2,"6":1,"7":1,"8":1,"9":1,"10":1},"f":{"0":6,"1":2,"2":1,"3":1},"b":{},"_coverageSchema":"43e27e138ebf9cfc5966b082cf9a028302ed4184","hash":"46a14c64013396a8f7428f764b58b2e9aa2c123f"}
,"/Users/Isabel/projects/diCapriFacts/model/src/recipient.js": {"path":"/Users/Isabel/projects/diCapriFacts/model/src/recipient.js","statementMap":{"0":{"start":{"line":3,"column":8},"end":{"line":3,"column":27}},"1":{"start":{"line":7,"column":0},"end":{"line":7,"column":27}}},"fnMap":{"0":{"name":"(anonymous_0)","decl":{"start":{"line":2,"column":4},"end":{"line":2,"column":5}},"loc":{"start":{"line":2,"column":22},"end":{"line":4,"column":5}},"line":2}},"branchMap":{},"s":{"0":2,"1":2},"f":{"0":2},"b":{},"_coverageSchema":"43e27e138ebf9cfc5966b082cf9a028302ed4184","hash":"a9e57486044154eef635ae9ee3b9d76a5fd42eff"}
,"/Users/Isabel/projects/diCapriFacts/model/src/sendTwilio.js": {"path":"/Users/Isabel/projects/diCapriFacts/model/src/sendTwilio.js","statementMap":{"0":{"start":{"line":1,"column":56},"end":{"line":1,"column":81}},"1":{"start":{"line":2,"column":15},"end":{"line":2,"column":51}},"2":{"start":{"line":6,"column":8},"end":{"line":6,"column":32}},"3":{"start":{"line":9,"column":0},"end":{"line":17,"column":1}},"4":{"start":{"line":10,"column":4},"end":{"line":16,"column":51}},"5":{"start":{"line":16,"column":25},"end":{"line":16,"column":49}},"6":{"start":{"line":20,"column":0},"end":{"line":20,"column":30}}},"fnMap":{"0":{"name":"(anonymous_0)","decl":{"start":{"line":5,"column":4},"end":{"line":5,"column":5}},"loc":{"start":{"line":5,"column":41},"end":{"line":7,"column":5}},"line":5},"1":{"name":"(anonymous_1)","decl":{"start":{"line":9,"column":30},"end":{"line":9,"column":31}},"loc":{"start":{"line":9,"column":45},"end":{"line":17,"column":1}},"line":9},"2":{"name":"(anonymous_2)","decl":{"start":{"line":16,"column":14},"end":{"line":16,"column":15}},"loc":{"start":{"line":16,"column":25},"end":{"line":16,"column":49}},"line":16}},"branchMap":{"0":{"loc":{"start":{"line":5,"column":16},"end":{"line":5,"column":39}},"type":"default-arg","locations":[{"start":{"line":5,"column":27},"end":{"line":5,"column":39}}],"line":5}},"s":{"0":1,"1":1,"2":1,"3":1,"4":2,"5":0,"6":1},"f":{"0":1,"1":2,"2":0},"b":{"0":[1]},"_coverageSchema":"43e27e138ebf9cfc5966b082cf9a028302ed4184","hash":"533412ac2dd2411538811ec5eecbf06822543333"}
,"/Users/Isabel/projects/diCapriFacts/model/src/sender.js": {"path":"/Users/Isabel/projects/diCapriFacts/model/src/sender.js","statementMap":{"0":{"start":{"line":1,"column":15},"end":{"line":1,"column":46}},"1":{"start":{"line":2,"column":18},"end":{"line":2,"column":48}},"2":{"start":{"line":6,"column":8},"end":{"line":6,"column":22}},"3":{"start":{"line":7,"column":8},"end":{"line":7,"column":29}},"4":{"start":{"line":8,"column":8},"end":{"line":8,"column":45}},"5":{"start":{"line":12,"column":0},"end":{"line":15,"column":2}},"6":{"start":{"line":13,"column":4},"end":{"line":13,"column":30}},"7":{"start":{"line":14,"column":4},"end":{"line":14,"column":18}},"8":{"start":{"line":17,"column":0},"end":{"line":17,"column":24}}},"fnMap":{"0":{"name":"(anonymous_0)","decl":{"start":{"line":5,"column":4},"end":{"line":5,"column":5}},"loc":{"start":{"line":5,"column":43},"end":{"line":9,"column":5}},"line":5},"1":{"name":"(anonymous_1)","decl":{"start":{"line":12,"column":24},"end":{"line":12,"column":25}},"loc":{"start":{"line":12,"column":42},"end":{"line":15,"column":1}},"line":12}},"branchMap":{"0":{"loc":{"start":{"line":5,"column":22},"end":{"line":5,"column":41}},"type":"default-arg","locations":[{"start":{"line":5,"column":31},"end":{"line":5,"column":41}}],"line":5}},"s":{"0":1,"1":1,"2":1,"3":1,"4":1,"5":1,"6":2,"7":2,"8":1},"f":{"0":1,"1":2},"b":{"0":[1]},"_coverageSchema":"43e27e138ebf9cfc5966b082cf9a028302ed4184","hash":"b697e3a566e2c51a15028ba0251cb6cdd1f8afaf"}
}
