TN:
SF:/Users/Isabel/projects/diCapriFacts/config.js
FNF:0
FNH:0
DA:1,2
DA:2,2
DA:3,2
LF:3
LH:3
BRF:0
BRH:0
end_of_record
TN:
SF:/Users/Isabel/projects/diCapriFacts/database/connection.js
FNF:0
FNH:0
DA:1,2
DA:2,2
DA:6,2
DA:10,2
DA:12,2
LF:5
LH:5
BRF:0
BRH:0
end_of_record
TN:
SF:/Users/Isabel/projects/diCapriFacts/model/src/factPicker.js
FN:8,(anonymous_0)
FN:14,(anonymous_1)
FN:19,(anonymous_2)
FN:27,(anonymous_3)
FNF:4
FNH:4
FNDA:8,(anonymous_0)
FNDA:4,(anonymous_1)
FNDA:2,(anonymous_2)
FNDA:3,(anonymous_3)
DA:1,2
DA:9,8
DA:10,8
DA:14,2
DA:15,4
DA:16,4
DA:19,2
DA:20,2
DA:21,1
DA:23,1
DA:27,2
DA:28,3
DA:32,2
LF:13
LH:13
BRDA:20,0,0,1
BRDA:20,0,1,1
BRF:2
BRH:2
end_of_record
TN:
SF:/Users/Isabel/projects/diCapriFacts/model/src/recipient.js
FN:4,(anonymous_0)
FN:13,(anonymous_1)
FNF:2
FNH:1
FNDA:1,(anonymous_0)
FNDA:0,(anonymous_1)
DA:1,2
DA:5,1
DA:13,2
DA:14,0
DA:17,2
LF:5
LH:4
BRF:0
BRH:0
end_of_record
TN:
SF:/Users/Isabel/projects/diCapriFacts/model/src/sendTwilio.js
FN:5,(anonymous_0)
FN:9,(anonymous_1)
FN:16,(anonymous_2)
FNF:3
FNH:0
FNDA:0,(anonymous_0)
FNDA:0,(anonymous_1)
FNDA:0,(anonymous_2)
DA:1,1
DA:2,1
DA:6,0
DA:9,1
DA:10,0
DA:16,0
DA:20,1
LF:7
LH:4
BRDA:5,0,0,0
BRF:1
BRH:0
end_of_record
TN:
SF:/Users/Isabel/projects/diCapriFacts/model/src/sender.js
FN:9,(anonymous_0)
FN:19,(anonymous_1)
FN:24,(anonymous_2)
FN:28,(anonymous_3)
FN:34,(anonymous_4)
FN:40,(anonymous_5)
FNF:6
FNH:5
FNDA:3,(anonymous_0)
FNDA:0,(anonymous_1)
FNDA:13,(anonymous_2)
FNDA:1,(anonymous_3)
FNDA:12,(anonymous_4)
FNDA:12,(anonymous_5)
DA:1,1
DA:2,1
DA:3,1
DA:10,3
DA:11,3
DA:12,3
DA:13,3
DA:14,3
DA:15,3
DA:19,1
DA:20,0
DA:21,0
DA:24,1
DA:25,13
DA:28,1
DA:29,1
DA:30,1
DA:34,1
DA:35,12
DA:36,12
DA:37,12
DA:40,1
DA:41,12
DA:44,1
LF:24
LH:22
BRDA:9,0,0,0
BRDA:9,1,0,1
BRDA:25,2,0,1
BRDA:25,2,1,12
BRF:4
BRH:3
end_of_record
